Removed Pin From Net: NetName=GND Pin=C3-1
Removed Pin From Net: NetName=GND Pin=C4-1
Removed Pin From Net: NetName=GND Pin=C6-1
Removed Pin From Net: NetName=rg5vsw Pin=C6-2
Removed Pin From Net: NetName=dtr Pin=C8-1
Removed Pin From Net: NetName=reset Pin=C8-2
Removed Pin From Net: NetName=GND Pin=C9-1
Removed Pin From Net: NetName=reset Pin=C9-2
Removed Pin From Net: NetName=GND Pin=D1-2
Removed Pin From Net: NetName=+5 Pin=D1-5
Removed Pin From Net: NetName=NetJ2_9 Pin=J6-1
Removed Pin From Net: NetName=NetJ2_10 Pin=J6-2
Removed Pin From Net: NetName=reset Pin=J6-3
Removed Pin From Net: NetName=rg5vsw Pin=J6-4
Removed Pin From Net: NetName=NetJ2_8 Pin=J6-5
Removed Pin From Net: NetName=GND Pin=J6-6
Removed Member From Class: ClassName=Sheet1 Member=C3
Removed Member From Class: ClassName=Sheet1 Member=C4
Removed Member From Class: ClassName=Sheet1 Member=C6
Removed Member From Class: ClassName=Sheet1 Member=C8
Removed Member From Class: ClassName=Sheet1 Member=C9
Removed Member From Class: ClassName=Sheet1 Member=D1
Removed Member From Class: ClassName=Sheet1 Member=J6
Change Component Footprint: Designator=J4 Old Footprint=6_PIN_100MIL -Female New Footprint=6_PIN_ARD-Analog_100mil
Change Component Footprint: Designator=J3 Old Footprint=8_PIN_100MIL - Female New Footprint=8_PIN_ARD-DIG_100MIL
Change Component Footprint: Designator=J1 Old Footprint=8_PIN_100MIL - Female New Footprint=8_PIN_ARD-PWR_100MIL
Added Component: Designator=C?(1206_Passive_Capacitor)
Add component (AddParameter): Name = "Datasheet"; Value = "https://datasheet.lcsc.com/lcsc/1811031514_Samsung-Electro-Mechanics-CL31A226KAHNNNE_C12891.pdf"; VariantName = "[No Variations]"
Add component (AddParameter): Name = "LCSC Part#"; Value = "C12891"; VariantName = "[No Variations]"
Add component (AddParameter): Name = "MFR Part #"; Value = "CL31A226KAHNNNE"; VariantName = "[No Variations]"
Add component (AddParameter): Name = "Type"; Value = "basic"; VariantName = "[No Variations]"
Add component (AddParameter): Name = "Value"; Value = "22uF"; VariantName = "[No Variations]"
Added Component: Designator=C?(1206_Passive_Capacitor)
Add component (AddParameter): Name = "Digikey Link"; Value = "https://www.digikey.com/product-detail/en/C1206C105M4RACTU/399-8150-1-ND/3471873/?itemSeq=304982366"; VariantName = "[No Variations]"
Add component (AddParameter): Name = "LCSC Part#"; Value = "C1848"; VariantName = "[No Variations]"
Add component (AddParameter): Name = "MFR Part #"; Value = "CL31B105KBHNNNE"; VariantName = "[No Variations]"
Add component (AddParameter): Name = "Type"; Value = "Basic"; VariantName = "[No Variations]"
Add component (AddParameter): Name = "Value"; Value = "1uF"; VariantName = "[No Variations]"
Added Component: Designator=C?(1206_Passive_Capacitor)
Add component (AddParameter): Name = "Datasheet"; Value = "https://datasheet.lcsc.com/lcsc/1811031514_Samsung-Electro-Mechanics-CL31A226KAHNNNE_C12891.pdf"; VariantName = "[No Variations]"
Add component (AddParameter): Name = "LCSC Part#"; Value = "C12891"; VariantName = "[No Variations]"
Add component (AddParameter): Name = "MFR Part #"; Value = "CL31A226KAHNNNE"; VariantName = "[No Variations]"
Add component (AddParameter): Name = "Type"; Value = "basic"; VariantName = "[No Variations]"
Add component (AddParameter): Name = "Value"; Value = "22uF"; VariantName = "[No Variations]"
Added Component: Designator=C?(1206_Passive_Capacitor)
Add component (AddParameter): Name = "Datasheet"; Value = "https://datasheet.lcsc.com/lcsc/1811031514_Samsung-Electro-Mechanics-CL31A226KAHNNNE_C12891.pdf"; VariantName = "[No Variations]"
Add component (AddParameter): Name = "LCSC Part#"; Value = "C12891"; VariantName = "[No Variations]"
Add component (AddParameter): Name = "MFR Part #"; Value = "CL31A226KAHNNNE"; VariantName = "[No Variations]"
Add component (AddParameter): Name = "Type"; Value = "basic"; VariantName = "[No Variations]"
Add component (AddParameter): Name = "Value"; Value = "22uF"; VariantName = "[No Variations]"
Added Component: Designator=C?(1206_Passive_Capacitor)
Add component (AddParameter): Name = "Datasheet"; Value = "https://datasheet.lcsc.com/lcsc/1810201313_Murata-Electronics-GRM31M5C1H473JA01L_C21812.pdf"; VariantName = "[No Variations]"
Add component (AddParameter): Name = "LCSC Part#"; Value = "C21812"; VariantName = "[No Variations]"
Add component (AddParameter): Name = "MFR Part #"; Value = "GRM31M5C1H473JA01L"; VariantName = "[No Variations]"
Add component (AddParameter): Name = "Type"; Value = "Extended"; VariantName = "[No Variations]"
Add component (AddParameter): Name = "Value"; Value = "47nF"; VariantName = "[No Variations]"
Add Component: Footprint Not Found SOTFL50P160X60-5N
Added Pin To Net: NetName=dtr Pin=C?-1
Added Pin To Net: NetName=GND Pin=C?-1
Added Pin To Net: NetName=GND Pin=C?-1
Added Pin To Net: NetName=GND Pin=C?-2
Added Pin To Net: NetName=GND Pin=C?-2
Added Pin To Net: NetName=reset Pin=C?-2
Added Pin To Net: NetName=reset Pin=C?-2
Added Pin To Net: NetName=rg5vsw Pin=C?-2
Add Pin To Net: Unknown Pin: Pin D?-3
Add Pin To Net: Unknown Pin: Pin D?-5
Added Pin To Net: NetName=NetC?_1 Pin=C?-1
Added Pin To Net: NetName=NetC?_1 Pin=J2-3
Added Pin To Net: NetName=NetC?_1 Pin=U1-20
Added Net: Name=NetC?_1
Add Net: Net with name "NetC?_1" already exists
Added Pin To Net: NetName=NetD?_1 Pin=LED6-1
Added Pin To Net: NetName=NetD?_1 Pin=U2-2
Added Net: Name=NetD?_1
Added Pin To Net: NetName=NetD?_4 Pin=LED5-1
Added Pin To Net: NetName=NetD?_4 Pin=U2-3
Added Net: Name=NetD?_4
Added Member To Class: ClassName=Sheet1 Member=Component C? 22uF
Added Member To Class: ClassName=Sheet1 Member=Component C? 1uF
Added Member To Class: ClassName=Sheet1 Member=Component C? 22uF
Added Member To Class: ClassName=Sheet1 Member=Component C? 22uF
Added Member To Class: ClassName=Sheet1 Member=Component C? 47nF
Add Class Member: Failed to add class member : Component D? TPD3E001DRLR
Added Member To Class: ClassName=Sheet1 Member=Component J1 PPTC081LFBN-RC
Added Member To Class: ClassName=Sheet1 Member=Component J3 PPTC081LFBN-RC
Added Member To Class: ClassName=Sheet1 Member=Component J4 PPTC061LFBN-RC
