Removed Pin From Net: NetName=rxled Pin=J3-1
Removed Pin From Net: NetName=txled Pin=J3-2
Removed Pin From Net: NetName=NetJ2_1 Pin=J4-5
Removed Pin From Net: NetName=NetJ2_2 Pin=J4-6
Removed Pin From Net: NetName=NetJ3_4 Pin=U1-1
Removed Pin From Net: NetName=NetJ3_5 Pin=U1-2
Removed Pin From Net: NetName=NetJ3_6 Pin=U1-9
Removed Pin From Net: NetName=NetJ2_5 Pin=U1-12
Removed Pin From Net: NetName=NetJ2_6 Pin=U1-13
Removed Pin From Net: NetName=NetJ2_7 Pin=U1-14
Removed Pin From Net: NetName=NetJ2_8 Pin=U1-15
Removed Pin From Net: NetName=NetJ2_9 Pin=U1-16
Removed Pin From Net: NetName=NetJ2_10 Pin=U1-17
Removed Pin From Net: NetName=NetJ2_1 Pin=U1-27
Removed Pin From Net: NetName=NetJ2_2 Pin=U1-28
Removed Pin From Net: NetName=NetJ3_3 Pin=U1-32
Add Component: Footprint Not Found SOTFL50P160X60-5N
Add Pin To Net: Unknown Pin: Pin D1-1
Add Pin To Net: Unknown Pin: Pin D1-3
Add Pin To Net: Unknown Pin: Pin D1-4
Add Pin To Net: Unknown Pin: Pin D1-5
Added Pin To Net: NetName=txled Pin=J3-7
Added Pin To Net: NetName=rxled Pin=J3-8
Added Pin To Net: NetName=NetJ2_2 Pin=J4-5
Added Pin To Net: NetName=NetJ2_1 Pin=J4-6
Added Pin To Net: NetName=NetJ3_5 Pin=U1-1
Added Pin To Net: NetName=NetJ3_4 Pin=U1-2
Added Pin To Net: NetName=NetJ3_3 Pin=U1-9
Added Pin To Net: NetName=NetJ2_10 Pin=U1-12
Added Pin To Net: NetName=NetJ2_9 Pin=U1-13
Added Pin To Net: NetName=NetJ2_8 Pin=U1-14
Added Pin To Net: NetName=NetJ2_7 Pin=U1-15
Added Pin To Net: NetName=NetJ2_6 Pin=U1-16
Added Pin To Net: NetName=NetJ2_5 Pin=U1-17
Added Pin To Net: NetName=NetJ2_2 Pin=U1-27
Added Pin To Net: NetName=NetJ2_1 Pin=U1-28
Added Pin To Net: NetName=NetJ3_6 Pin=U1-32
Added Pin To Net: NetName=NetJ3_1 Pin=J3-1
Added Pin To Net: NetName=NetJ3_1 Pin=U1-11
Added Net: Name=NetJ3_1
Added Pin To Net: NetName=NetJ3_2 Pin=J3-2
Added Pin To Net: NetName=NetJ3_2 Pin=U1-10
Added Net: Name=NetJ3_2
Added Member To Class: ClassName=Sheet1 Member=Component C6 22uF
Add Class Member: Failed to add class member : Component D1 TPD3E001DRLR
Added Member To Class: ClassName=Sheet1 Member=Component J2 PPTC101LFBN-RC
Added Member To Class: ClassName=Sheet1 Member=Component J3 PPTC081LFBN-RC
Added Member To Class: ClassName=Sheet1 Member=Component J4 PPTC061LFBN-RC
Added Member To Class: ClassName=Sheet1 Member=Component U1 ATMEGA328P-ANR
